<?xml version="1.0" encoding="UTF-8"?>
<!-- Generated by org.testng.reporters.JUnitXMLReporter -->
<testsuite hostname="DESKTOP-E32EPOV" name="Test" tests="6" failures="0" timestamp="25 Mar 2020 11:40:22 GMT" time="62.873" errors="0">
  <testcase name="@BeforeMethod ContactQ" time="0.0" classname="AllTestScripts.Scenario3">
    <failure type="java.lang.NullPointerException">
      <![CDATA[java.lang.NullPointerException
	at org.openqa.selenium.support.events.EventFiringWebDriver.extractInterfaces(EventFiringWebDriver.java:124)
	at org.openqa.selenium.support.events.EventFiringWebDriver.access$500(EventFiringWebDriver.java:69)
	at org.openqa.selenium.support.events.EventFiringWebDriver$EventFiringWebElement.<init>(EventFiringWebDriver.java:368)
	at org.openqa.selenium.support.events.EventFiringWebDriver$EventFiringWebElement.<init>(EventFiringWebDriver.java:360)
	at org.openqa.selenium.support.events.EventFiringWebDriver.createWebElement(EventFiringWebDriver.java:311)
	at org.openqa.selenium.support.events.EventFiringWebDriver.findElement(EventFiringWebDriver.java:194)
	at org.openqa.selenium.support.pagefactory.DefaultElementLocator.findElement(DefaultElementLocator.java:69)
	at org.openqa.selenium.support.pagefactory.internal.LocatingElementHandler.invoke(LocatingElementHandler.java:38)
	at com.sun.proxy.$Proxy10.click(Unknown Source)
	at TestPageLayer.ContactusQuery3.Con(ContactusQuery3.java:28)
	at AllTestScripts.Scenario3.ContactQ(Scenario3.java:36)
... Removed 26 stack frames]]>
    </failure>
  </testcase> <!-- @BeforeMethod ContactQ -->
  <testcase name="@AfterMethod closeapp" time="0.0" classname="AllTestScripts.Scenario3">
    <skipped/>
  </testcase> <!-- @AfterMethod closeapp -->
  <testcase name="@BeforeMethod ContactQ" time="0.0" classname="AllTestScripts.Scenario3">
    <skipped/>
  </testcase> <!-- @BeforeMethod ContactQ -->
  <testcase name="@AfterMethod closeapp" time="0.0" classname="AllTestScripts.Scenario3">
    <skipped/>
  </testcase> <!-- @AfterMethod closeapp -->
  <testcase name="@BeforeMethod ContactQ" time="0.0" classname="AllTestScripts.Scenario3">
    <skipped/>
  </testcase> <!-- @BeforeMethod ContactQ -->
  <testcase name="@AfterMethod closeapp" time="0.0" classname="AllTestScripts.Scenario3">
    <skipped/>
  </testcase> <!-- @AfterMethod closeapp -->
  <testcase name="@BeforeMethod Subscribe" time="0.0" classname="AllTestScripts.Secnario2">
    <failure type="org.openqa.selenium.SessionNotCreatedException" message="session not created
from chrome not reachable
  (Session info: chrome=80.0.3987.149)
Build info: version: &amp;apos;3.9.1&amp;apos;, revision: &amp;apos;63f7b50&amp;apos;, time: &amp;apos;2018-02-07T22:25:02.294Z&amp;apos;
System info: host: &amp;apos;DESKTOP-E32EPOV&amp;apos;, ip: &amp;apos;192.168.0.61&amp;apos;, os.name: &amp;apos;Windows 10&amp;apos;, os.arch: &amp;apos;amd64&amp;apos;, os.version: &amp;apos;10.0&amp;apos;, java.version: &amp;apos;1.8.0_151&amp;apos;
Driver info: driver.version: ChromeDriver
remote stacktrace: Backtrace:
	Ordinal0 [0x01070AE3+1706723]
	Ordinal0 [0x00FD68C1+1075393]
	Ordinal0 [0x00F4DE52+515666]
	Ordinal0 [0x00F47C88+490632]
	Ordinal0 [0x00F4837B+492411]
	Ordinal0 [0x00F492D5+496341]
	Ordinal0 [0x00F44EE5+478949]
	Ordinal0 [0x00F4EC80+519296]
	Ordinal0 [0x00EFCA67+182887]
	Ordinal0 [0x00EFBDDD+179677]
	Ordinal0 [0x00EF9D4B+171339]
	Ordinal0 [0x00EE1D4A+73034]
	Ordinal0 [0x00EE2DC0+77248]
	Ordinal0 [0x00EE2D59+77145]
	Ordinal0 [0x00FEBB37+1162039]
	GetHandleVerifier [0x0110A7C6+508998]
	GetHandleVerifier [0x0110A504+508292]
	GetHandleVerifier [0x0111F617+594583]
	GetHandleVerifier [0x0110B036+511158]
	Ordinal0 [0x00FE3FFC+1130492]
	Ordinal0 [0x00FED49B+1168539]
	Ordinal0 [0x00FED603+1168899]
	Ordinal0 [0x01005B05+1268485]
	BaseThreadInitThunk [0x770F6359+25]
	RtlGetAppContainerNamedObjectPath [0x77DD7B74+228]
	RtlGetAppContainerNamedObjectPath [0x77DD7B44+180]
">
      <![CDATA[org.openqa.selenium.SessionNotCreatedException: session not created
from chrome not reachable
  (Session info: chrome=80.0.3987.149)
Build info: version: '3.9.1', revision: '63f7b50', time: '2018-02-07T22:25:02.294Z'
System info: host: 'DESKTOP-E32EPOV', ip: '192.168.0.61', os.name: 'Windows 10', os.arch: 'amd64', os.version: '10.0', java.version: '1.8.0_151'
Driver info: driver.version: ChromeDriver
remote stacktrace: Backtrace:
	Ordinal0 [0x01070AE3+1706723]
	Ordinal0 [0x00FD68C1+1075393]
	Ordinal0 [0x00F4DE52+515666]
	Ordinal0 [0x00F47C88+490632]
	Ordinal0 [0x00F4837B+492411]
	Ordinal0 [0x00F492D5+496341]
	Ordinal0 [0x00F44EE5+478949]
	Ordinal0 [0x00F4EC80+519296]
	Ordinal0 [0x00EFCA67+182887]
	Ordinal0 [0x00EFBDDD+179677]
	Ordinal0 [0x00EF9D4B+171339]
	Ordinal0 [0x00EE1D4A+73034]
	Ordinal0 [0x00EE2DC0+77248]
	Ordinal0 [0x00EE2D59+77145]
	Ordinal0 [0x00FEBB37+1162039]
	GetHandleVerifier [0x0110A7C6+508998]
	GetHandleVerifier [0x0110A504+508292]
	GetHandleVerifier [0x0111F617+594583]
	GetHandleVerifier [0x0110B036+511158]
	Ordinal0 [0x00FE3FFC+1130492]
	Ordinal0 [0x00FED49B+1168539]
	Ordinal0 [0x00FED603+1168899]
	Ordinal0 [0x01005B05+1268485]
	BaseThreadInitThunk [0x770F6359+25]
	RtlGetAppContainerNamedObjectPath [0x77DD7B74+228]
	RtlGetAppContainerNamedObjectPath [0x77DD7B44+180]

	at org.openqa.selenium.remote.W3CHandshakeResponse.lambda$new$0(W3CHandshakeResponse.java:57)
	at org.openqa.selenium.remote.W3CHandshakeResponse.lambda$getResponseFunction$2(W3CHandshakeResponse.java:104)
	at org.openqa.selenium.remote.ProtocolHandshake.lambda$createSession$0(ProtocolHandshake.java:123)
	at java.util.stream.ReferencePipeline$3$1.accept(Unknown Source)
	at java.util.Spliterators$ArraySpliterator.tryAdvance(Unknown Source)
	at java.util.stream.ReferencePipeline.forEachWithCancel(Unknown Source)
	at java.util.stream.AbstractPipeline.copyIntoWithCancel(Unknown Source)
	at java.util.stream.AbstractPipeline.copyInto(Unknown Source)
	at java.util.stream.AbstractPipeline.wrapAndCopyInto(Unknown Source)
	at java.util.stream.FindOps$FindOp.evaluateSequential(Unknown Source)
	at java.util.stream.AbstractPipeline.evaluate(Unknown Source)
	at java.util.stream.ReferencePipeline.findFirst(Unknown Source)
	at org.openqa.selenium.remote.ProtocolHandshake.createSession(ProtocolHandshake.java:126)
	at org.openqa.selenium.remote.ProtocolHandshake.createSession(ProtocolHandshake.java:73)
	at org.openqa.selenium.remote.HttpCommandExecutor.execute(HttpCommandExecutor.java:138)
	at org.openqa.selenium.remote.service.DriverCommandExecutor.execute(DriverCommandExecutor.java:83)
	at org.openqa.selenium.remote.RemoteWebDriver.execute(RemoteWebDriver.java:601)
	at org.openqa.selenium.remote.RemoteWebDriver.startSession(RemoteWebDriver.java:219)
	at org.openqa.selenium.remote.RemoteWebDriver.<init>(RemoteWebDriver.java:142)
	at org.openqa.selenium.chrome.ChromeDriver.<init>(ChromeDriver.java:181)
	at org.openqa.selenium.chrome.ChromeDriver.<init>(ChromeDriver.java:168)
	at org.openqa.selenium.chrome.ChromeDriver.<init>(ChromeDriver.java:123)
	at TestBaseLayer.TestBase.initialization(TestBase.java:67)
	at AllTestScripts.Secnario2.Subscribe(Secnario2.java:32)
... Removed 30 stack frames]]>
    </failure>
  </testcase> <!-- @BeforeMethod Subscribe -->
  <testcase name="@AfterMethod closeapp" time="0.0" classname="AllTestScripts.Secnario2">
    <skipped/>
  </testcase> <!-- @AfterMethod closeapp -->
  <testcase name="@BeforeMethod Subscribe" time="0.0" classname="AllTestScripts.Secnario2">
    <skipped/>
  </testcase> <!-- @BeforeMethod Subscribe -->
  <testcase name="@AfterMethod closeapp" time="0.0" classname="AllTestScripts.Secnario2">
    <skipped/>
  </testcase> <!-- @AfterMethod closeapp -->
  <testcase name="@BeforeMethod Subscribe" time="0.0" classname="AllTestScripts.Secnario2">
    <skipped/>
  </testcase> <!-- @BeforeMethod Subscribe -->
  <testcase name="@AfterMethod closeapp" time="0.0" classname="AllTestScripts.Secnario2">
    <skipped/>
  </testcase> <!-- @AfterMethod closeapp -->
  <testcase name="newContact" time="0.0" classname="AllTestScripts.Scenario3">
    <skipped/>
  </testcase> <!-- newContact -->
  <testcase name="newContact" time="0.0" classname="AllTestScripts.Scenario3">
    <skipped/>
  </testcase> <!-- newContact -->
  <testcase name="newContact" time="0.0" classname="AllTestScripts.Scenario3">
    <skipped/>
  </testcase> <!-- newContact -->
  <testcase name="newsub" time="0.0" classname="AllTestScripts.Secnario2">
    <skipped/>
  </testcase> <!-- newsub -->
  <testcase name="newsub" time="0.0" classname="AllTestScripts.Secnario2">
    <skipped/>
  </testcase> <!-- newsub -->
  <testcase name="newsub" time="0.0" classname="AllTestScripts.Secnario2">
    <skipped/>
  </testcase> <!-- newsub -->
</testsuite> <!-- Test -->
