<html>
<head>
<title>TestNG:  Test</title>
<link href="../testng.css" rel="stylesheet" type="text/css" />
<link href="../my-testng.css" rel="stylesheet" type="text/css" />

<style type="text/css">
.log { display: none;} 
.stack-trace { display: none;} 
</style>
<script type="text/javascript">
<!--
function flip(e) {
  current = e.style.display;
  if (current == 'block') {
    e.style.display = 'none';
    return 0;
  }
  else {
    e.style.display = 'block';
    return 1;
  }
}

function toggleBox(szDivId, elem, msg1, msg2)
{
  var res = -1;  if (document.getElementById) {
    res = flip(document.getElementById(szDivId));
  }
  else if (document.all) {
    // this is the way old msie versions work
    res = flip(document.all[szDivId]);
  }
  if(elem) {
    if(res == 0) elem.innerHTML = msg1; else elem.innerHTML = msg2;
  }

}

function toggleAllBoxes() {
  if (document.getElementsByTagName) {
    d = document.getElementsByTagName('div');
    for (i = 0; i < d.length; i++) {
      if (d[i].className == 'log') {
        flip(d[i]);
      }
    }
  }
}

// -->
</script>

</head>
<body>
<h2 align='center'>Test</h2><table border='1' align="center">
<tr>
<td>Tests passed/Failed/Skipped:</td><td>0/0/6</td>
</tr><tr>
<td>Started on:</td><td>Wed Mar 25 13:39:19 CAT 2020</td>
</tr>
<tr><td>Total time:</td><td>62 seconds (62873 ms)</td>
</tr><tr>
<td>Included groups:</td><td></td>
</tr><tr>
<td>Excluded groups:</td><td></td>
</tr>
</table><p/>
<small><i>(Hover the method name to see the test class name)</i></small><p/>
<table width='100%' border='1' class='invocation-failed'>
<tr><td colspan='4' align='center'><b>FAILED CONFIGURATIONS</b></td></tr>
<tr><td><b>Test method</b></td>
<td width="30%"><b>Exception</b></td>
<td width="10%"><b>Time (seconds)</b></td>
<td><b>Instance</b></td>
</tr>
<tr>
<td title='AllTestScripts.Scenario3.ContactQ()'><b>ContactQ</b><br>Test class: AllTestScripts.Scenario3</td>
<td><div><pre>java.lang.NullPointerException
	at org.openqa.selenium.support.events.EventFiringWebDriver.extractInterfaces(EventFiringWebDriver.java:124)
	at org.openqa.selenium.support.events.EventFiringWebDriver.access$500(EventFiringWebDriver.java:69)
	at org.openqa.selenium.support.events.EventFiringWebDriver$EventFiringWebElement.&lt;init&gt;(EventFiringWebDriver.java:368)
	at org.openqa.selenium.support.events.EventFiringWebDriver$EventFiringWebElement.&lt;init&gt;(EventFiringWebDriver.java:360)
	at org.openqa.selenium.support.events.EventFiringWebDriver.createWebElement(EventFiringWebDriver.java:311)
	at org.openqa.selenium.support.events.EventFiringWebDriver.findElement(EventFiringWebDriver.java:194)
	at org.openqa.selenium.support.pagefactory.DefaultElementLocator.findElement(DefaultElementLocator.java:69)
	at org.openqa.selenium.support.pagefactory.internal.LocatingElementHandler.invoke(LocatingElementHandler.java:38)
	at com.sun.proxy.$Proxy10.click(Unknown Source)
	at TestPageLayer.ContactusQuery3.Con(ContactusQuery3.java:28)
	at AllTestScripts.Scenario3.ContactQ(Scenario3.java:36)
... Removed 26 stack frames</pre></div><a href='#' onClick='toggleBox("stack-trace1574898980", this, "Click to show all stack frames", "Click to hide stack frames")'>Click to show all stack frames</a>
<div class='stack-trace' id='stack-trace1574898980'><pre>java.lang.NullPointerException
	at org.openqa.selenium.support.events.EventFiringWebDriver.extractInterfaces(EventFiringWebDriver.java:124)
	at org.openqa.selenium.support.events.EventFiringWebDriver.access$500(EventFiringWebDriver.java:69)
	at org.openqa.selenium.support.events.EventFiringWebDriver$EventFiringWebElement.&lt;init&gt;(EventFiringWebDriver.java:368)
	at org.openqa.selenium.support.events.EventFiringWebDriver$EventFiringWebElement.&lt;init&gt;(EventFiringWebDriver.java:360)
	at org.openqa.selenium.support.events.EventFiringWebDriver.createWebElement(EventFiringWebDriver.java:311)
	at org.openqa.selenium.support.events.EventFiringWebDriver.findElement(EventFiringWebDriver.java:194)
	at org.openqa.selenium.support.pagefactory.DefaultElementLocator.findElement(DefaultElementLocator.java:69)
	at org.openqa.selenium.support.pagefactory.internal.LocatingElementHandler.invoke(LocatingElementHandler.java:38)
	at com.sun.proxy.$Proxy10.click(Unknown Source)
	at TestPageLayer.ContactusQuery3.Con(ContactusQuery3.java:28)
	at AllTestScripts.Scenario3.ContactQ(Scenario3.java:36)
	at sun.reflect.NativeMethodAccessorImpl.invoke0(Native Method)
	at sun.reflect.NativeMethodAccessorImpl.invoke(Unknown Source)
	at sun.reflect.DelegatingMethodAccessorImpl.invoke(Unknown Source)
	at java.lang.reflect.Method.invoke(Unknown Source)
	at org.testng.internal.MethodInvocationHelper.invokeMethod(MethodInvocationHelper.java:84)
	at org.testng.internal.Invoker.invokeConfigurationMethod(Invoker.java:564)
	at org.testng.internal.Invoker.invokeConfigurations(Invoker.java:213)
	at org.testng.internal.Invoker.invokeMethod(Invoker.java:653)
	at org.testng.internal.Invoker.invokeTestMethod(Invoker.java:901)
	at org.testng.internal.Invoker.invokeTestMethods(Invoker.java:1231)
	at org.testng.internal.TestMethodWorker.invokeTestMethods(TestMethodWorker.java:127)
	at org.testng.internal.TestMethodWorker.run(TestMethodWorker.java:111)
	at org.testng.TestRunner.privateRun(TestRunner.java:767)
	at org.testng.TestRunner.run(TestRunner.java:617)
	at org.testng.SuiteRunner.runTest(SuiteRunner.java:348)
	at org.testng.SuiteRunner.runSequentially(SuiteRunner.java:343)
	at org.testng.SuiteRunner.privateRun(SuiteRunner.java:305)
	at org.testng.SuiteRunner.run(SuiteRunner.java:254)
	at org.testng.SuiteRunnerWorker.runSuite(SuiteRunnerWorker.java:52)
	at org.testng.SuiteRunnerWorker.run(SuiteRunnerWorker.java:86)
	at org.testng.TestNG.runSuitesSequentially(TestNG.java:1224)
	at org.testng.TestNG.runSuitesLocally(TestNG.java:1149)
	at org.testng.TestNG.run(TestNG.java:1057)
	at org.testng.remote.RemoteTestNG.run(RemoteTestNG.java:115)
	at org.testng.remote.RemoteTestNG.initAndRun(RemoteTestNG.java:207)
	at org.testng.remote.RemoteTestNG.main(RemoteTestNG.java:178)
</pre></div></td>
<td>0</td>
<td>AllTestScripts.Scenario3@2f7a2457</td></tr>
<tr>
<td title='AllTestScripts.Secnario2.Subscribe()'><b>Subscribe</b><br>Test class: AllTestScripts.Secnario2</td>
<td><div><pre>org.openqa.selenium.SessionNotCreatedException: session not created
from chrome not reachable
  (Session info: chrome=80.0.3987.149)
Build info: version: &apos;3.9.1&apos;, revision: &apos;63f7b50&apos;, time: &apos;2018-02-07T22:25:02.294Z&apos;
System info: host: &apos;DESKTOP-E32EPOV&apos;, ip: &apos;192.168.0.61&apos;, os.name: &apos;Windows 10&apos;, os.arch: &apos;amd64&apos;, os.version: &apos;10.0&apos;, java.version: &apos;1.8.0_151&apos;
Driver info: driver.version: ChromeDriver
remote stacktrace: Backtrace:
	Ordinal0 [0x01070AE3+1706723]
	Ordinal0 [0x00FD68C1+1075393]
	Ordinal0 [0x00F4DE52+515666]
	Ordinal0 [0x00F47C88+490632]
	Ordinal0 [0x00F4837B+492411]
	Ordinal0 [0x00F492D5+496341]
	Ordinal0 [0x00F44EE5+478949]
	Ordinal0 [0x00F4EC80+519296]
	Ordinal0 [0x00EFCA67+182887]
	Ordinal0 [0x00EFBDDD+179677]
	Ordinal0 [0x00EF9D4B+171339]
	Ordinal0 [0x00EE1D4A+73034]
	Ordinal0 [0x00EE2DC0+77248]
	Ordinal0 [0x00EE2D59+77145]
	Ordinal0 [0x00FEBB37+1162039]
	GetHandleVerifier [0x0110A7C6+508998]
	GetHandleVerifier [0x0110A504+508292]
	GetHandleVerifier [0x0111F617+594583]
	GetHandleVerifier [0x0110B036+511158]
	Ordinal0 [0x00FE3FFC+1130492]
	Ordinal0 [0x00FED49B+1168539]
	Ordinal0 [0x00FED603+1168899]
	Ordinal0 [0x01005B05+1268485]
	BaseThreadInitThunk [0x770F6359+25]
	RtlGetAppContainerNamedObjectPath [0x77DD7B74+228]
	RtlGetAppContainerNamedObjectPath [0x77DD7B44+180]

	at org.openqa.selenium.remote.W3CHandshakeResponse.lambda$new$0(W3CHandshakeResponse.java:57)
	at org.openqa.selenium.remote.W3CHandshakeResponse.lambda$getResponseFunction$2(W3CHandshakeResponse.java:104)
	at org.openqa.selenium.remote.ProtocolHandshake.lambda$createSession$0(ProtocolHandshake.java:123)
	at java.util.stream.ReferencePipeline$3$1.accept(Unknown Source)
	at java.util.Spliterators$ArraySpliterator.tryAdvance(Unknown Source)
	at java.util.stream.ReferencePipeline.forEachWithCancel(Unknown Source)
	at java.util.stream.AbstractPipeline.copyIntoWithCancel(Unknown Source)
	at java.util.stream.AbstractPipeline.copyInto(Unknown Source)
	at java.util.stream.AbstractPipeline.wrapAndCopyInto(Unknown Source)
	at java.util.stream.FindOps$FindOp.evaluateSequential(Unknown Source)
	at java.util.stream.AbstractPipeline.evaluate(Unknown Source)
	at java.util.stream.ReferencePipeline.findFirst(Unknown Source)
	at org.openqa.selenium.remote.ProtocolHandshake.createSession(ProtocolHandshake.java:126)
	at org.openqa.selenium.remote.ProtocolHandshake.createSession(ProtocolHandshake.java:73)
	at org.openqa.selenium.remote.HttpCommandExecutor.execute(HttpCommandExecutor.java:138)
	at org.openqa.selenium.remote.service.DriverCommandExecutor.execute(DriverCommandExecutor.java:83)
	at org.openqa.selenium.remote.RemoteWebDriver.execute(RemoteWebDriver.java:601)
	at org.openqa.selenium.remote.RemoteWebDriver.startSession(RemoteWebDriver.java:219)
	at org.openqa.selenium.remote.RemoteWebDriver.&lt;init&gt;(RemoteWebDriver.java:142)
	at org.openqa.selenium.chrome.ChromeDriver.&lt;init&gt;(ChromeDriver.java:181)
	at org.openqa.selenium.chrome.ChromeDriver.&lt;init&gt;(ChromeDriver.java:168)
	at org.openqa.selenium.chrome.ChromeDriver.&lt;init&gt;(ChromeDriver.java:123)
	at TestBaseLayer.TestBase.initialization(TestBase.java:67)
	at AllTestScripts.Secnario2.Subscribe(Secnario2.java:32)
... Removed 30 stack frames</pre></div><a href='#' onClick='toggleBox("stack-trace2001321875", this, "Click to show all stack frames", "Click to hide stack frames")'>Click to show all stack frames</a>
<div class='stack-trace' id='stack-trace2001321875'><pre>org.openqa.selenium.SessionNotCreatedException: session not created
from chrome not reachable
  (Session info: chrome=80.0.3987.149)
Build info: version: &apos;3.9.1&apos;, revision: &apos;63f7b50&apos;, time: &apos;2018-02-07T22:25:02.294Z&apos;
System info: host: &apos;DESKTOP-E32EPOV&apos;, ip: &apos;192.168.0.61&apos;, os.name: &apos;Windows 10&apos;, os.arch: &apos;amd64&apos;, os.version: &apos;10.0&apos;, java.version: &apos;1.8.0_151&apos;
Driver info: driver.version: ChromeDriver
remote stacktrace: Backtrace:
	Ordinal0 [0x01070AE3+1706723]
	Ordinal0 [0x00FD68C1+1075393]
	Ordinal0 [0x00F4DE52+515666]
	Ordinal0 [0x00F47C88+490632]
	Ordinal0 [0x00F4837B+492411]
	Ordinal0 [0x00F492D5+496341]
	Ordinal0 [0x00F44EE5+478949]
	Ordinal0 [0x00F4EC80+519296]
	Ordinal0 [0x00EFCA67+182887]
	Ordinal0 [0x00EFBDDD+179677]
	Ordinal0 [0x00EF9D4B+171339]
	Ordinal0 [0x00EE1D4A+73034]
	Ordinal0 [0x00EE2DC0+77248]
	Ordinal0 [0x00EE2D59+77145]
	Ordinal0 [0x00FEBB37+1162039]
	GetHandleVerifier [0x0110A7C6+508998]
	GetHandleVerifier [0x0110A504+508292]
	GetHandleVerifier [0x0111F617+594583]
	GetHandleVerifier [0x0110B036+511158]
	Ordinal0 [0x00FE3FFC+1130492]
	Ordinal0 [0x00FED49B+1168539]
	Ordinal0 [0x00FED603+1168899]
	Ordinal0 [0x01005B05+1268485]
	BaseThreadInitThunk [0x770F6359+25]
	RtlGetAppContainerNamedObjectPath [0x77DD7B74+228]
	RtlGetAppContainerNamedObjectPath [0x77DD7B44+180]

	at sun.reflect.NativeConstructorAccessorImpl.newInstance0(Native Method)
	at sun.reflect.NativeConstructorAccessorImpl.newInstance(Unknown Source)
	at sun.reflect.DelegatingConstructorAccessorImpl.newInstance(Unknown Source)
	at java.lang.reflect.Constructor.newInstance(Unknown Source)
	at org.openqa.selenium.remote.W3CHandshakeResponse.lambda$new$0(W3CHandshakeResponse.java:57)
	at org.openqa.selenium.remote.W3CHandshakeResponse.lambda$getResponseFunction$2(W3CHandshakeResponse.java:104)
	at org.openqa.selenium.remote.ProtocolHandshake.lambda$createSession$0(ProtocolHandshake.java:123)
	at java.util.stream.ReferencePipeline$3$1.accept(Unknown Source)
	at java.util.Spliterators$ArraySpliterator.tryAdvance(Unknown Source)
	at java.util.stream.ReferencePipeline.forEachWithCancel(Unknown Source)
	at java.util.stream.AbstractPipeline.copyIntoWithCancel(Unknown Source)
	at java.util.stream.AbstractPipeline.copyInto(Unknown Source)
	at java.util.stream.AbstractPipeline.wrapAndCopyInto(Unknown Source)
	at java.util.stream.FindOps$FindOp.evaluateSequential(Unknown Source)
	at java.util.stream.AbstractPipeline.evaluate(Unknown Source)
	at java.util.stream.ReferencePipeline.findFirst(Unknown Source)
	at org.openqa.selenium.remote.ProtocolHandshake.createSession(ProtocolHandshake.java:126)
	at org.openqa.selenium.remote.ProtocolHandshake.createSession(ProtocolHandshake.java:73)
	at org.openqa.selenium.remote.HttpCommandExecutor.execute(HttpCommandExecutor.java:138)
	at org.openqa.selenium.remote.service.DriverCommandExecutor.execute(DriverCommandExecutor.java:83)
	at org.openqa.selenium.remote.RemoteWebDriver.execute(RemoteWebDriver.java:601)
	at org.openqa.selenium.remote.RemoteWebDriver.startSession(RemoteWebDriver.java:219)
	at org.openqa.selenium.remote.RemoteWebDriver.&lt;init&gt;(RemoteWebDriver.java:142)
	at org.openqa.selenium.chrome.ChromeDriver.&lt;init&gt;(ChromeDriver.java:181)
	at org.openqa.selenium.chrome.ChromeDriver.&lt;init&gt;(ChromeDriver.java:168)
	at org.openqa.selenium.chrome.ChromeDriver.&lt;init&gt;(ChromeDriver.java:123)
	at TestBaseLayer.TestBase.initialization(TestBase.java:67)
	at AllTestScripts.Secnario2.Subscribe(Secnario2.java:32)
	at sun.reflect.NativeMethodAccessorImpl.invoke0(Native Method)
	at sun.reflect.NativeMethodAccessorImpl.invoke(Unknown Source)
	at sun.reflect.DelegatingMethodAccessorImpl.invoke(Unknown Source)
	at java.lang.reflect.Method.invoke(Unknown Source)
	at org.testng.internal.MethodInvocationHelper.invokeMethod(MethodInvocationHelper.java:84)
	at org.testng.internal.Invoker.invokeConfigurationMethod(Invoker.java:564)
	at org.testng.internal.Invoker.invokeConfigurations(Invoker.java:213)
	at org.testng.internal.Invoker.invokeMethod(Invoker.java:653)
	at org.testng.internal.Invoker.invokeTestMethod(Invoker.java:901)
	at org.testng.internal.Invoker.invokeTestMethods(Invoker.java:1231)
	at org.testng.internal.TestMethodWorker.invokeTestMethods(TestMethodWorker.java:127)
	at org.testng.internal.TestMethodWorker.run(TestMethodWorker.java:111)
	at org.testng.TestRunner.privateRun(TestRunner.java:767)
	at org.testng.TestRunner.run(TestRunner.java:617)
	at org.testng.SuiteRunner.runTest(SuiteRunner.java:348)
	at org.testng.SuiteRunner.runSequentially(SuiteRunner.java:343)
	at org.testng.SuiteRunner.privateRun(SuiteRunner.java:305)
	at org.testng.SuiteRunner.run(SuiteRunner.java:254)
	at org.testng.SuiteRunnerWorker.runSuite(SuiteRunnerWorker.java:52)
	at org.testng.SuiteRunnerWorker.run(SuiteRunnerWorker.java:86)
	at org.testng.TestNG.runSuitesSequentially(TestNG.java:1224)
	at org.testng.TestNG.runSuitesLocally(TestNG.java:1149)
	at org.testng.TestNG.run(TestNG.java:1057)
	at org.testng.remote.RemoteTestNG.run(RemoteTestNG.java:115)
	at org.testng.remote.RemoteTestNG.initAndRun(RemoteTestNG.java:207)
	at org.testng.remote.RemoteTestNG.main(RemoteTestNG.java:178)
</pre></div></td>
<td>0</td>
<td>AllTestScripts.Secnario2@13969fbe</td></tr>
</table><p>
<table width='100%' border='1' class='invocation-skipped'>
<tr><td colspan='4' align='center'><b>SKIPPED CONFIGURATIONS</b></td></tr>
<tr><td><b>Test method</b></td>
<td width="30%"><b>Exception</b></td>
<td width="10%"><b>Time (seconds)</b></td>
<td><b>Instance</b></td>
</tr>
<tr>
<td title='AllTestScripts.Scenario3.ContactQ()'><b>ContactQ</b><br>Test class: AllTestScripts.Scenario3</td>
<td></td>
<td>0</td>
<td>AllTestScripts.Scenario3@2f7a2457</td></tr>
<tr>
<td title='AllTestScripts.Scenario3.ContactQ()'><b>ContactQ</b><br>Test class: AllTestScripts.Scenario3</td>
<td></td>
<td>0</td>
<td>AllTestScripts.Scenario3@2f7a2457</td></tr>
<tr>
<td title='AllTestScripts.Secnario2.Subscribe()'><b>Subscribe</b><br>Test class: AllTestScripts.Secnario2</td>
<td></td>
<td>0</td>
<td>AllTestScripts.Secnario2@13969fbe</td></tr>
<tr>
<td title='AllTestScripts.Secnario2.Subscribe()'><b>Subscribe</b><br>Test class: AllTestScripts.Secnario2</td>
<td></td>
<td>0</td>
<td>AllTestScripts.Secnario2@13969fbe</td></tr>
<tr>
<td title='AllTestScripts.Scenario3.closeapp()'><b>closeapp</b><br>Test class: AllTestScripts.Scenario3</td>
<td></td>
<td>0</td>
<td>AllTestScripts.Scenario3@2f7a2457</td></tr>
<tr>
<td title='AllTestScripts.Scenario3.closeapp()'><b>closeapp</b><br>Test class: AllTestScripts.Scenario3</td>
<td></td>
<td>0</td>
<td>AllTestScripts.Scenario3@2f7a2457</td></tr>
<tr>
<td title='AllTestScripts.Scenario3.closeapp()'><b>closeapp</b><br>Test class: AllTestScripts.Scenario3</td>
<td></td>
<td>0</td>
<td>AllTestScripts.Scenario3@2f7a2457</td></tr>
<tr>
<td title='AllTestScripts.Secnario2.closeapp()'><b>closeapp</b><br>Test class: AllTestScripts.Secnario2</td>
<td></td>
<td>0</td>
<td>AllTestScripts.Secnario2@13969fbe</td></tr>
<tr>
<td title='AllTestScripts.Secnario2.closeapp()'><b>closeapp</b><br>Test class: AllTestScripts.Secnario2</td>
<td></td>
<td>0</td>
<td>AllTestScripts.Secnario2@13969fbe</td></tr>
<tr>
<td title='AllTestScripts.Secnario2.closeapp()'><b>closeapp</b><br>Test class: AllTestScripts.Secnario2</td>
<td></td>
<td>0</td>
<td>AllTestScripts.Secnario2@13969fbe</td></tr>
</table><p>
<table width='100%' border='1' class='invocation-skipped'>
<tr><td colspan='4' align='center'><b>SKIPPED TESTS</b></td></tr>
<tr><td><b>Test method</b></td>
<td width="30%"><b>Exception</b></td>
<td width="10%"><b>Time (seconds)</b></td>
<td><b>Instance</b></td>
</tr>
<tr>
<td title='AllTestScripts.Scenario3.newContact()'><b>newContact</b><br>Test class: AllTestScripts.Scenario3<br>Parameters: Testing1</td>
<td></td>
<td>0</td>
<td>AllTestScripts.Scenario3@2f7a2457</td></tr>
<tr>
<td title='AllTestScripts.Scenario3.newContact()'><b>newContact</b><br>Test class: AllTestScripts.Scenario3<br>Parameters: Testing2</td>
<td></td>
<td>0</td>
<td>AllTestScripts.Scenario3@2f7a2457</td></tr>
<tr>
<td title='AllTestScripts.Scenario3.newContact()'><b>newContact</b><br>Test class: AllTestScripts.Scenario3<br>Parameters: 123</td>
<td></td>
<td>0</td>
<td>AllTestScripts.Scenario3@2f7a2457</td></tr>
<tr>
<td title='AllTestScripts.Secnario2.newsub()'><b>newsub</b><br>Test class: AllTestScripts.Secnario2<br>Parameters: vusikelasatheesh123@gmail.com</td>
<td></td>
<td>0</td>
<td>AllTestScripts.Secnario2@13969fbe</td></tr>
<tr>
<td title='AllTestScripts.Secnario2.newsub()'><b>newsub</b><br>Test class: AllTestScripts.Secnario2<br>Parameters: satheeshsathi138@gmail.com</td>
<td></td>
<td>0</td>
<td>AllTestScripts.Secnario2@13969fbe</td></tr>
<tr>
<td title='AllTestScripts.Secnario2.newsub()'><b>newsub</b><br>Test class: AllTestScripts.Secnario2<br>Parameters: vusikelasatheesh12@gmail.com</td>
<td></td>
<td>0</td>
<td>AllTestScripts.Secnario2@13969fbe</td></tr>
</table><p>
</body>
</html>